{"C:\\Users\\sm\\Documents\\backend\\mini_moodle\\app.js": {"path":"C:\\Users\\sm\\Documents\\backend\\mini_moodle\\app.js","statementMap":{"0":{"start":{"line":1,"column":16},"end":{"line":1,"column":34}},"1":{"start":{"line":2,"column":32},"end":{"line":2,"column":57}},"2":{"start":{"line":3,"column":37},"end":{"line":3,"column":67}},"3":{"start":{"line":5,"column":12},"end":{"line":5,"column":21}},"4":{"start":{"line":7,"column":0},"end":{"line":7,"column":24}},"5":{"start":{"line":8,"column":0},"end":{"line":8,"column":31}},"6":{"start":{"line":9,"column":0},"end":{"line":9,"column":41}},"7":{"start":{"line":12,"column":0},"end":{"line":12,"column":21}}},"fnMap":{},"branchMap":{},"s":{"0":2,"1":2,"2":2,"3":2,"4":2,"5":2,"6":2,"7":2},"f":{},"b":{},"_coverageSchema":"1a1c01bbd47fc00a2c39e90264f33305004495a9","hash":"be0346e035c7ea845ef4cd5de3cbbe8bca8d929b"}
,"C:\\Users\\sm\\Documents\\backend\\mini_moodle\\routes\\categories.js": {"path":"C:\\Users\\sm\\Documents\\backend\\mini_moodle\\routes\\categories.js","statementMap":{"0":{"start":{"line":1,"column":16},"end":{"line":1,"column":34}},"1":{"start":{"line":7,"column":2},"end":{"line":10,"column":4}},"2":{"start":{"line":11,"column":2},"end":{"line":11,"column":13}},"3":{"start":{"line":15,"column":0},"end":{"line":15,"column":18}},"4":{"start":{"line":17,"column":15},"end":{"line":17,"column":31}},"5":{"start":{"line":20,"column":0},"end":{"line":22,"column":3}},"6":{"start":{"line":21,"column":2},"end":{"line":21,"column":35}},"7":{"start":{"line":25,"column":0},"end":{"line":34,"column":3}},"8":{"start":{"line":26,"column":13},"end":{"line":26,"column":34}},"9":{"start":{"line":27,"column":19},"end":{"line":27,"column":54}},"10":{"start":{"line":27,"column":42},"end":{"line":27,"column":53}},"11":{"start":{"line":29,"column":2},"end":{"line":31,"column":3}},"12":{"start":{"line":30,"column":4},"end":{"line":30,"column":67}},"13":{"start":{"line":33,"column":2},"end":{"line":33,"column":33}},"14":{"start":{"line":37,"column":0},"end":{"line":48,"column":3}},"15":{"start":{"line":38,"column":19},"end":{"line":38,"column":27}},"16":{"start":{"line":40,"column":2},"end":{"line":42,"column":3}},"17":{"start":{"line":41,"column":4},"end":{"line":41,"column":65}},"18":{"start":{"line":44,"column":22},"end":{"line":44,"column":44}},"19":{"start":{"line":45,"column":2},"end":{"line":45,"column":31}},"20":{"start":{"line":47,"column":2},"end":{"line":47,"column":36}},"21":{"start":{"line":51,"column":0},"end":{"line":66,"column":3}},"22":{"start":{"line":52,"column":13},"end":{"line":52,"column":34}},"23":{"start":{"line":53,"column":19},"end":{"line":53,"column":54}},"24":{"start":{"line":53,"column":42},"end":{"line":53,"column":53}},"25":{"start":{"line":55,"column":2},"end":{"line":57,"column":3}},"26":{"start":{"line":56,"column":4},"end":{"line":56,"column":67}},"27":{"start":{"line":59,"column":19},"end":{"line":59,"column":27}},"28":{"start":{"line":61,"column":2},"end":{"line":63,"column":3}},"29":{"start":{"line":62,"column":4},"end":{"line":62,"column":25}},"30":{"start":{"line":65,"column":2},"end":{"line":65,"column":33}},"31":{"start":{"line":69,"column":0},"end":{"line":80,"column":3}},"32":{"start":{"line":70,"column":13},"end":{"line":70,"column":34}},"33":{"start":{"line":71,"column":16},"end":{"line":71,"column":56}},"34":{"start":{"line":71,"column":44},"end":{"line":71,"column":55}},"35":{"start":{"line":73,"column":2},"end":{"line":75,"column":3}},"36":{"start":{"line":74,"column":4},"end":{"line":74,"column":67}},"37":{"start":{"line":77,"column":2},"end":{"line":77,"column":30}},"38":{"start":{"line":79,"column":2},"end":{"line":79,"column":56}},"39":{"start":{"line":82,"column":0},"end":{"line":82,"column":45}}},"fnMap":{"0":{"name":"resetCategories","decl":{"start":{"line":6,"column":9},"end":{"line":6,"column":24}},"loc":{"start":{"line":6,"column":27},"end":{"line":12,"column":1}},"line":6},"1":{"name":"(anonymous_1)","decl":{"start":{"line":20,"column":16},"end":{"line":20,"column":17}},"loc":{"start":{"line":20,"column":30},"end":{"line":22,"column":1}},"line":20},"2":{"name":"(anonymous_2)","decl":{"start":{"line":25,"column":19},"end":{"line":25,"column":20}},"loc":{"start":{"line":25,"column":33},"end":{"line":34,"column":1}},"line":25},"3":{"name":"(anonymous_3)","decl":{"start":{"line":27,"column":35},"end":{"line":27,"column":36}},"loc":{"start":{"line":27,"column":42},"end":{"line":27,"column":53}},"line":27},"4":{"name":"(anonymous_4)","decl":{"start":{"line":37,"column":17},"end":{"line":37,"column":18}},"loc":{"start":{"line":37,"column":31},"end":{"line":48,"column":1}},"line":37},"5":{"name":"(anonymous_5)","decl":{"start":{"line":51,"column":19},"end":{"line":51,"column":20}},"loc":{"start":{"line":51,"column":33},"end":{"line":66,"column":1}},"line":51},"6":{"name":"(anonymous_6)","decl":{"start":{"line":53,"column":35},"end":{"line":53,"column":36}},"loc":{"start":{"line":53,"column":42},"end":{"line":53,"column":53}},"line":53},"7":{"name":"(anonymous_7)","decl":{"start":{"line":69,"column":22},"end":{"line":69,"column":23}},"loc":{"start":{"line":69,"column":36},"end":{"line":80,"column":1}},"line":69},"8":{"name":"(anonymous_8)","decl":{"start":{"line":71,"column":37},"end":{"line":71,"column":38}},"loc":{"start":{"line":71,"column":44},"end":{"line":71,"column":55}},"line":71}},"branchMap":{"0":{"loc":{"start":{"line":29,"column":2},"end":{"line":31,"column":3}},"type":"if","locations":[{"start":{"line":29,"column":2},"end":{"line":31,"column":3}},{"start":{},"end":{}}],"line":29},"1":{"loc":{"start":{"line":40,"column":2},"end":{"line":42,"column":3}},"type":"if","locations":[{"start":{"line":40,"column":2},"end":{"line":42,"column":3}},{"start":{},"end":{}}],"line":40},"2":{"loc":{"start":{"line":55,"column":2},"end":{"line":57,"column":3}},"type":"if","locations":[{"start":{"line":55,"column":2},"end":{"line":57,"column":3}},{"start":{},"end":{}}],"line":55},"3":{"loc":{"start":{"line":61,"column":2},"end":{"line":63,"column":3}},"type":"if","locations":[{"start":{"line":61,"column":2},"end":{"line":63,"column":3}},{"start":{},"end":{}}],"line":61},"4":{"loc":{"start":{"line":73,"column":2},"end":{"line":75,"column":3}},"type":"if","locations":[{"start":{"line":73,"column":2},"end":{"line":75,"column":3}},{"start":{},"end":{}}],"line":73}},"s":{"0":2,"1":11,"2":11,"3":2,"4":2,"5":2,"6":1,"7":2,"8":3,"9":3,"10":4,"11":3,"12":1,"13":2,"14":2,"15":2,"16":2,"17":1,"18":1,"19":1,"20":1,"21":2,"22":0,"23":0,"24":0,"25":0,"26":0,"27":0,"28":0,"29":0,"30":0,"31":2,"32":0,"33":0,"34":0,"35":0,"36":0,"37":0,"38":0,"39":2},"f":{"0":11,"1":1,"2":3,"3":4,"4":2,"5":0,"6":0,"7":0,"8":0},"b":{"0":[1,2],"1":[1,1],"2":[0,0],"3":[0,0],"4":[0,0]},"_coverageSchema":"1a1c01bbd47fc00a2c39e90264f33305004495a9","hash":"e5c7e45f7eb74f87f455cad2eb0c5cfc1bc48330"}
,"C:\\Users\\sm\\Documents\\backend\\mini_moodle\\routes\\items.js": {"path":"C:\\Users\\sm\\Documents\\backend\\mini_moodle\\routes\\items.js","statementMap":{"0":{"start":{"line":1,"column":16},"end":{"line":1,"column":34}},"1":{"start":{"line":7,"column":2},"end":{"line":10,"column":4}},"2":{"start":{"line":11,"column":2},"end":{"line":11,"column":13}},"3":{"start":{"line":15,"column":0},"end":{"line":15,"column":13}},"4":{"start":{"line":17,"column":15},"end":{"line":17,"column":31}},"5":{"start":{"line":20,"column":0},"end":{"line":22,"column":3}},"6":{"start":{"line":21,"column":2},"end":{"line":21,"column":30}},"7":{"start":{"line":25,"column":0},"end":{"line":34,"column":3}},"8":{"start":{"line":26,"column":13},"end":{"line":26,"column":34}},"9":{"start":{"line":27,"column":15},"end":{"line":27,"column":45}},"10":{"start":{"line":27,"column":33},"end":{"line":27,"column":44}},"11":{"start":{"line":29,"column":2},"end":{"line":31,"column":3}},"12":{"start":{"line":30,"column":4},"end":{"line":30,"column":63}},"13":{"start":{"line":33,"column":2},"end":{"line":33,"column":29}},"14":{"start":{"line":37,"column":0},"end":{"line":50,"column":3}},"15":{"start":{"line":38,"column":26},"end":{"line":38,"column":34}},"16":{"start":{"line":40,"column":2},"end":{"line":44,"column":3}},"17":{"start":{"line":41,"column":4},"end":{"line":43,"column":64}},"18":{"start":{"line":46,"column":18},"end":{"line":46,"column":47}},"19":{"start":{"line":47,"column":2},"end":{"line":47,"column":22}},"20":{"start":{"line":49,"column":2},"end":{"line":49,"column":32}},"21":{"start":{"line":53,"column":0},"end":{"line":76,"column":3}},"22":{"start":{"line":54,"column":13},"end":{"line":54,"column":34}},"23":{"start":{"line":55,"column":15},"end":{"line":55,"column":45}},"24":{"start":{"line":55,"column":33},"end":{"line":55,"column":44}},"25":{"start":{"line":57,"column":2},"end":{"line":59,"column":3}},"26":{"start":{"line":58,"column":4},"end":{"line":58,"column":63}},"27":{"start":{"line":61,"column":26},"end":{"line":61,"column":34}},"28":{"start":{"line":63,"column":2},"end":{"line":65,"column":3}},"29":{"start":{"line":64,"column":4},"end":{"line":64,"column":21}},"30":{"start":{"line":66,"column":2},"end":{"line":73,"column":3}},"31":{"start":{"line":67,"column":4},"end":{"line":71,"column":5}},"32":{"start":{"line":68,"column":6},"end":{"line":70,"column":65}},"33":{"start":{"line":72,"column":4},"end":{"line":72,"column":23}},"34":{"start":{"line":75,"column":2},"end":{"line":75,"column":29}},"35":{"start":{"line":79,"column":0},"end":{"line":90,"column":3}},"36":{"start":{"line":80,"column":13},"end":{"line":80,"column":34}},"37":{"start":{"line":81,"column":16},"end":{"line":81,"column":51}},"38":{"start":{"line":81,"column":39},"end":{"line":81,"column":50}},"39":{"start":{"line":83,"column":2},"end":{"line":85,"column":3}},"40":{"start":{"line":84,"column":4},"end":{"line":84,"column":63}},"41":{"start":{"line":87,"column":2},"end":{"line":87,"column":25}},"42":{"start":{"line":89,"column":2},"end":{"line":89,"column":52}},"43":{"start":{"line":92,"column":0},"end":{"line":92,"column":40}}},"fnMap":{"0":{"name":"resetItems","decl":{"start":{"line":6,"column":9},"end":{"line":6,"column":19}},"loc":{"start":{"line":6,"column":22},"end":{"line":12,"column":1}},"line":6},"1":{"name":"(anonymous_1)","decl":{"start":{"line":20,"column":16},"end":{"line":20,"column":17}},"loc":{"start":{"line":20,"column":30},"end":{"line":22,"column":1}},"line":20},"2":{"name":"(anonymous_2)","decl":{"start":{"line":25,"column":19},"end":{"line":25,"column":20}},"loc":{"start":{"line":25,"column":33},"end":{"line":34,"column":1}},"line":25},"3":{"name":"(anonymous_3)","decl":{"start":{"line":27,"column":26},"end":{"line":27,"column":27}},"loc":{"start":{"line":27,"column":33},"end":{"line":27,"column":44}},"line":27},"4":{"name":"(anonymous_4)","decl":{"start":{"line":37,"column":17},"end":{"line":37,"column":18}},"loc":{"start":{"line":37,"column":31},"end":{"line":50,"column":1}},"line":37},"5":{"name":"(anonymous_5)","decl":{"start":{"line":53,"column":19},"end":{"line":53,"column":20}},"loc":{"start":{"line":53,"column":33},"end":{"line":76,"column":1}},"line":53},"6":{"name":"(anonymous_6)","decl":{"start":{"line":55,"column":26},"end":{"line":55,"column":27}},"loc":{"start":{"line":55,"column":33},"end":{"line":55,"column":44}},"line":55},"7":{"name":"(anonymous_7)","decl":{"start":{"line":79,"column":22},"end":{"line":79,"column":23}},"loc":{"start":{"line":79,"column":36},"end":{"line":90,"column":1}},"line":79},"8":{"name":"(anonymous_8)","decl":{"start":{"line":81,"column":32},"end":{"line":81,"column":33}},"loc":{"start":{"line":81,"column":39},"end":{"line":81,"column":50}},"line":81}},"branchMap":{"0":{"loc":{"start":{"line":29,"column":2},"end":{"line":31,"column":3}},"type":"if","locations":[{"start":{"line":29,"column":2},"end":{"line":31,"column":3}},{"start":{},"end":{}}],"line":29},"1":{"loc":{"start":{"line":40,"column":2},"end":{"line":44,"column":3}},"type":"if","locations":[{"start":{"line":40,"column":2},"end":{"line":44,"column":3}},{"start":{},"end":{}}],"line":40},"2":{"loc":{"start":{"line":40,"column":6},"end":{"line":40,"column":40}},"type":"binary-expr","locations":[{"start":{"line":40,"column":6},"end":{"line":40,"column":11}},{"start":{"line":40,"column":15},"end":{"line":40,"column":40}}],"line":40},"3":{"loc":{"start":{"line":57,"column":2},"end":{"line":59,"column":3}},"type":"if","locations":[{"start":{"line":57,"column":2},"end":{"line":59,"column":3}},{"start":{},"end":{}}],"line":57},"4":{"loc":{"start":{"line":63,"column":2},"end":{"line":65,"column":3}},"type":"if","locations":[{"start":{"line":63,"column":2},"end":{"line":65,"column":3}},{"start":{},"end":{}}],"line":63},"5":{"loc":{"start":{"line":66,"column":2},"end":{"line":73,"column":3}},"type":"if","locations":[{"start":{"line":66,"column":2},"end":{"line":73,"column":3}},{"start":{},"end":{}}],"line":66},"6":{"loc":{"start":{"line":67,"column":4},"end":{"line":71,"column":5}},"type":"if","locations":[{"start":{"line":67,"column":4},"end":{"line":71,"column":5}},{"start":{},"end":{}}],"line":67},"7":{"loc":{"start":{"line":83,"column":2},"end":{"line":85,"column":3}},"type":"if","locations":[{"start":{"line":83,"column":2},"end":{"line":85,"column":3}},{"start":{},"end":{}}],"line":83}},"s":{"0":2,"1":12,"2":12,"3":2,"4":2,"5":2,"6":0,"7":2,"8":0,"9":0,"10":0,"11":0,"12":0,"13":0,"14":2,"15":0,"16":0,"17":0,"18":0,"19":0,"20":0,"21":2,"22":0,"23":0,"24":0,"25":0,"26":0,"27":0,"28":0,"29":0,"30":0,"31":0,"32":0,"33":0,"34":0,"35":2,"36":0,"37":0,"38":0,"39":0,"40":0,"41":0,"42":0,"43":2},"f":{"0":12,"1":0,"2":0,"3":0,"4":0,"5":0,"6":0,"7":0,"8":0},"b":{"0":[0,0],"1":[0,0],"2":[0,0],"3":[0,0],"4":[0,0],"5":[0,0],"6":[0,0],"7":[0,0]},"_coverageSchema":"1a1c01bbd47fc00a2c39e90264f33305004495a9","hash":"46f2a8fb87122583e235d22b2265ba38ce929445"}
}
