TN:
SF:app.js
FNF:0
FNH:0
DA:1,2
DA:2,2
DA:3,2
DA:5,2
DA:7,2
DA:8,2
DA:9,2
DA:12,2
LF:8
LH:8
BRF:0
BRH:0
end_of_record
TN:
SF:routes\categories.js
FN:6,resetCategories
FN:20,(anonymous_1)
FN:25,(anonymous_2)
FN:27,(anonymous_3)
FN:37,(anonymous_4)
FN:51,(anonymous_5)
FN:53,(anonymous_6)
FN:69,(anonymous_7)
FN:71,(anonymous_8)
FNF:9
FNH:5
FNDA:11,resetCategories
FNDA:1,(anonymous_1)
FNDA:3,(anonymous_2)
FNDA:4,(anonymous_3)
FNDA:2,(anonymous_4)
FNDA:0,(anonymous_5)
FNDA:0,(anonymous_6)
FNDA:0,(anonymous_7)
FNDA:0,(anonymous_8)
DA:1,2
DA:7,11
DA:11,11
DA:15,2
DA:17,2
DA:20,2
DA:21,1
DA:25,2
DA:26,3
DA:27,4
DA:29,3
DA:30,1
DA:33,2
DA:37,2
DA:38,2
DA:40,2
DA:41,1
DA:44,1
DA:45,1
DA:47,1
DA:51,2
DA:52,0
DA:53,0
DA:55,0
DA:56,0
DA:59,0
DA:61,0
DA:62,0
DA:65,0
DA:69,2
DA:70,0
DA:71,0
DA:73,0
DA:74,0
DA:77,0
DA:79,0
DA:82,2
LF:37
LH:23
BRDA:29,0,0,1
BRDA:29,0,1,2
BRDA:40,1,0,1
BRDA:40,1,1,1
BRDA:55,2,0,0
BRDA:55,2,1,0
BRDA:61,3,0,0
BRDA:61,3,1,0
BRDA:73,4,0,0
BRDA:73,4,1,0
BRF:10
BRH:4
end_of_record
TN:
SF:routes\items.js
FN:6,resetItems
FN:20,(anonymous_1)
FN:25,(anonymous_2)
FN:27,(anonymous_3)
FN:37,(anonymous_4)
FN:53,(anonymous_5)
FN:55,(anonymous_6)
FN:79,(anonymous_7)
FN:81,(anonymous_8)
FNF:9
FNH:1
FNDA:12,resetItems
FNDA:0,(anonymous_1)
FNDA:0,(anonymous_2)
FNDA:0,(anonymous_3)
FNDA:0,(anonymous_4)
FNDA:0,(anonymous_5)
FNDA:0,(anonymous_6)
FNDA:0,(anonymous_7)
FNDA:0,(anonymous_8)
DA:1,2
DA:7,12
DA:11,12
DA:15,2
DA:17,2
DA:20,2
DA:21,0
DA:25,2
DA:26,0
DA:27,0
DA:29,0
DA:30,0
DA:33,0
DA:37,2
DA:38,0
DA:40,0
DA:41,0
DA:46,0
DA:47,0
DA:49,0
DA:53,2
DA:54,0
DA:55,0
DA:57,0
DA:58,0
DA:61,0
DA:63,0
DA:64,0
DA:66,0
DA:67,0
DA:68,0
DA:72,0
DA:75,0
DA:79,2
DA:80,0
DA:81,0
DA:83,0
DA:84,0
DA:87,0
DA:89,0
DA:92,2
LF:41
LH:11
BRDA:29,0,0,0
BRDA:29,0,1,0
BRDA:40,1,0,0
BRDA:40,1,1,0
BRDA:40,2,0,0
BRDA:40,2,1,0
BRDA:57,3,0,0
BRDA:57,3,1,0
BRDA:63,4,0,0
BRDA:63,4,1,0
BRDA:66,5,0,0
BRDA:66,5,1,0
BRDA:67,6,0,0
BRDA:67,6,1,0
BRDA:83,7,0,0
BRDA:83,7,1,0
BRF:16
BRH:0
end_of_record
